2025-09-05 13:35:07,324 DEBUG    root            Loaded Command Group: ['gcloud', 'components']
2025-09-05 13:35:07,328 DEBUG    root            Loaded Command Group: ['gcloud', 'components', 'update']
2025-09-05 13:35:07,330 DEBUG    root            Running [gcloud.components.update] with arguments: [--compile-python: "True", --quiet: "True", COMPONENT-IDS:6: "['core', 'gcloud-deps', 'bq', 'gcloud', 'gcloud-crc32c', 'gsutil']"]
2025-09-05 13:35:07,330 INFO     ___FILE_ONLY___ Beginning update. This process may take several minutes.

2025-09-05 13:35:07,364 DEBUG    urllib3.connectionpool Starting new HTTPS connection (1): dl.google.com:443
2025-09-05 13:35:07,553 DEBUG    urllib3.connectionpool https://dl.google.com:443 "GET /dl/cloudsdk/channels/rapid/components-2.json HTTP/11" 200 233150
2025-09-05 13:35:07,565 INFO     ___FILE_ONLY___ 

2025-09-05 13:35:07,566 INFO     ___FILE_ONLY___ 
Your current Google Cloud CLI version is: 537.0.0

2025-09-05 13:35:07,566 INFO     ___FILE_ONLY___ Installing components from version: 537.0.0

2025-09-05 13:35:07,566 INFO     ___FILE_ONLY___ 

2025-09-05 13:35:07,566 DEBUG    root            Chosen display Format:table[box,title="These components will be removed."](details.display_name:label=Name:align=left,version.version_string:label=Version:align=right,data.size.size(zero="",min=1048576):label=Size:align=right)
2025-09-05 13:35:07,567 DEBUG    root            Chosen display Format:table[box,title="These components will be updated."](details.display_name:label=Name:align=left,version.version_string:label=Version:align=right,data.size.size(zero="",min=1048576):label=Size:align=right)
2025-09-05 13:35:07,567 DEBUG    root            Chosen display Format:table[box,title="These components will be installed."](details.display_name:label=Name:align=left,version.version_string:label=Version:align=right,data.size.size(zero="",min=1048576):label=Size:align=right)
2025-09-05 13:35:07,607 INFO     ___FILE_ONLY___ ┌─────────────────────────────────────────────────────────────────────────────┐
2025-09-05 13:35:07,608 INFO     ___FILE_ONLY___ 

2025-09-05 13:35:07,608 INFO     ___FILE_ONLY___ │                     These components will be installed.                     │
2025-09-05 13:35:07,608 INFO     ___FILE_ONLY___ 

2025-09-05 13:35:07,608 INFO     ___FILE_ONLY___ ├─────────────────────────────────────────────────────┬────────────┬──────────┤
2025-09-05 13:35:07,608 INFO     ___FILE_ONLY___ 

2025-09-05 13:35:07,608 INFO     ___FILE_ONLY___ │                         Name                        │  Version   │   Size   │
2025-09-05 13:35:07,608 INFO     ___FILE_ONLY___ 

2025-09-05 13:35:07,608 INFO     ___FILE_ONLY___ ├─────────────────────────────────────────────────────┼────────────┼──────────┤
2025-09-05 13:35:07,608 INFO     ___FILE_ONLY___ 

2025-09-05 13:35:07,608 INFO     ___FILE_ONLY___ │ 
2025-09-05 13:35:07,608 INFO     ___FILE_ONLY___ BigQuery Command Line Tool                         
2025-09-05 13:35:07,608 INFO     ___FILE_ONLY___  
2025-09-05 13:35:07,608 INFO     ___FILE_ONLY___ │ 
2025-09-05 13:35:07,609 INFO     ___FILE_ONLY___     2.1.22
2025-09-05 13:35:07,609 INFO     ___FILE_ONLY___  
2025-09-05 13:35:07,609 INFO     ___FILE_ONLY___ │ 
2025-09-05 13:35:07,609 INFO     ___FILE_ONLY___  1.8 MiB
2025-09-05 13:35:07,609 INFO     ___FILE_ONLY___  
2025-09-05 13:35:07,609 INFO     ___FILE_ONLY___ │
2025-09-05 13:35:07,609 INFO     ___FILE_ONLY___ 

2025-09-05 13:35:07,609 INFO     ___FILE_ONLY___ │ 
2025-09-05 13:35:07,609 INFO     ___FILE_ONLY___ BigQuery Command Line Tool (Platform Specific)     
2025-09-05 13:35:07,609 INFO     ___FILE_ONLY___  
2025-09-05 13:35:07,609 INFO     ___FILE_ONLY___ │ 
2025-09-05 13:35:07,609 INFO     ___FILE_ONLY___     2.1.17
2025-09-05 13:35:07,610 INFO     ___FILE_ONLY___  
2025-09-05 13:35:07,610 INFO     ___FILE_ONLY___ │ 
2025-09-05 13:35:07,610 INFO     ___FILE_ONLY___  < 1 MiB
2025-09-05 13:35:07,610 INFO     ___FILE_ONLY___  
2025-09-05 13:35:07,610 INFO     ___FILE_ONLY___ │
2025-09-05 13:35:07,610 INFO     ___FILE_ONLY___ 

2025-09-05 13:35:07,610 INFO     ___FILE_ONLY___ │ 
2025-09-05 13:35:07,610 INFO     ___FILE_ONLY___ Bundled Python 3.12 (Platform Specific)            
2025-09-05 13:35:07,610 INFO     ___FILE_ONLY___  
2025-09-05 13:35:07,610 INFO     ___FILE_ONLY___ │ 
2025-09-05 13:35:07,610 INFO     ___FILE_ONLY___     3.12.9
2025-09-05 13:35:07,610 INFO     ___FILE_ONLY___  
2025-09-05 13:35:07,610 INFO     ___FILE_ONLY___ │ 
2025-09-05 13:35:07,610 INFO     ___FILE_ONLY___ 89.3 MiB
2025-09-05 13:35:07,610 INFO     ___FILE_ONLY___  
2025-09-05 13:35:07,611 INFO     ___FILE_ONLY___ │
2025-09-05 13:35:07,611 INFO     ___FILE_ONLY___ 

2025-09-05 13:35:07,611 INFO     ___FILE_ONLY___ │ 
2025-09-05 13:35:07,611 INFO     ___FILE_ONLY___ Cloud Storage Command Line Tool                    
2025-09-05 13:35:07,611 INFO     ___FILE_ONLY___  
2025-09-05 13:35:07,611 INFO     ___FILE_ONLY___ │ 
2025-09-05 13:35:07,611 INFO     ___FILE_ONLY___       5.35
2025-09-05 13:35:07,611 INFO     ___FILE_ONLY___  
2025-09-05 13:35:07,611 INFO     ___FILE_ONLY___ │ 
2025-09-05 13:35:07,611 INFO     ___FILE_ONLY___ 12.4 MiB
2025-09-05 13:35:07,611 INFO     ___FILE_ONLY___  
2025-09-05 13:35:07,611 INFO     ___FILE_ONLY___ │
2025-09-05 13:35:07,611 INFO     ___FILE_ONLY___ 

2025-09-05 13:35:07,612 INFO     ___FILE_ONLY___ │ 
2025-09-05 13:35:07,612 INFO     ___FILE_ONLY___ Cloud Storage Command Line Tool (Platform Specific)
2025-09-05 13:35:07,612 INFO     ___FILE_ONLY___  
2025-09-05 13:35:07,612 INFO     ___FILE_ONLY___ │ 
2025-09-05 13:35:07,612 INFO     ___FILE_ONLY___       5.34
2025-09-05 13:35:07,612 INFO     ___FILE_ONLY___  
2025-09-05 13:35:07,612 INFO     ___FILE_ONLY___ │ 
2025-09-05 13:35:07,612 INFO     ___FILE_ONLY___  < 1 MiB
2025-09-05 13:35:07,612 INFO     ___FILE_ONLY___  
2025-09-05 13:35:07,612 INFO     ___FILE_ONLY___ │
2025-09-05 13:35:07,612 INFO     ___FILE_ONLY___ 

2025-09-05 13:35:07,612 INFO     ___FILE_ONLY___ │ 
2025-09-05 13:35:07,612 INFO     ___FILE_ONLY___ Google Cloud CLI Core Libraries (Platform Specific)
2025-09-05 13:35:07,612 INFO     ___FILE_ONLY___  
2025-09-05 13:35:07,613 INFO     ___FILE_ONLY___ │ 
2025-09-05 13:35:07,613 INFO     ___FILE_ONLY___ 2025.05.23
2025-09-05 13:35:07,613 INFO     ___FILE_ONLY___  
2025-09-05 13:35:07,613 INFO     ___FILE_ONLY___ │ 
2025-09-05 13:35:07,613 INFO     ___FILE_ONLY___  < 1 MiB
2025-09-05 13:35:07,613 INFO     ___FILE_ONLY___  
2025-09-05 13:35:07,613 INFO     ___FILE_ONLY___ │
2025-09-05 13:35:07,613 INFO     ___FILE_ONLY___ 

2025-09-05 13:35:07,613 INFO     ___FILE_ONLY___ │ 
2025-09-05 13:35:07,613 INFO     ___FILE_ONLY___ Google Cloud CRC32C Hash Tool (Platform Specific)  
2025-09-05 13:35:07,613 INFO     ___FILE_ONLY___  
2025-09-05 13:35:07,613 INFO     ___FILE_ONLY___ │ 
2025-09-05 13:35:07,613 INFO     ___FILE_ONLY___      1.0.0
2025-09-05 13:35:07,613 INFO     ___FILE_ONLY___  
2025-09-05 13:35:07,613 INFO     ___FILE_ONLY___ │ 
2025-09-05 13:35:07,613 INFO     ___FILE_ONLY___  1.5 MiB
2025-09-05 13:35:07,613 INFO     ___FILE_ONLY___  
2025-09-05 13:35:07,613 INFO     ___FILE_ONLY___ │
2025-09-05 13:35:07,613 INFO     ___FILE_ONLY___ 

2025-09-05 13:35:07,614 INFO     ___FILE_ONLY___ │ 
2025-09-05 13:35:07,614 INFO     ___FILE_ONLY___ gcloud cli dependencies (Platform Specific)        
2025-09-05 13:35:07,614 INFO     ___FILE_ONLY___  
2025-09-05 13:35:07,614 INFO     ___FILE_ONLY___ │ 
2025-09-05 13:35:07,614 INFO     ___FILE_ONLY___ 2021.04.16
2025-09-05 13:35:07,614 INFO     ___FILE_ONLY___  
2025-09-05 13:35:07,614 INFO     ___FILE_ONLY___ │ 
2025-09-05 13:35:07,614 INFO     ___FILE_ONLY___  < 1 MiB
2025-09-05 13:35:07,614 INFO     ___FILE_ONLY___  
2025-09-05 13:35:07,614 INFO     ___FILE_ONLY___ │
2025-09-05 13:35:07,614 INFO     ___FILE_ONLY___ 

2025-09-05 13:35:07,614 INFO     ___FILE_ONLY___ └─────────────────────────────────────────────────────┴────────────┴──────────┘
2025-09-05 13:35:07,614 INFO     ___FILE_ONLY___ 

2025-09-05 13:35:07,614 INFO     ___FILE_ONLY___ 

2025-09-05 13:35:07,617 DEBUG    urllib3.connectionpool Starting new HTTPS connection (1): dl.google.com:443
2025-09-05 13:35:07,814 DEBUG    urllib3.connectionpool https://dl.google.com:443 "GET /dl/cloudsdk/channels/rapid/RELEASE_NOTES HTTP/11" 200 1475962
2025-09-05 13:35:08,325 INFO     ___FILE_ONLY___ For the latest full release notes, please visit:
  https://cloud.google.com/sdk/release_notes


2025-09-05 13:35:08,325 INFO     ___FILE_ONLY___ Performing in place update...


2025-09-05 13:35:08,327 INFO     ___FILE_ONLY___ ╔════════════════════════════════════════════════════════════╗

2025-09-05 13:35:08,327 INFO     ___FILE_ONLY___ ╠═ Downloading: BigQuery Command Line Tool                  ═╣

2025-09-05 13:35:08,327 INFO     ___FILE_ONLY___ ╚
2025-09-05 13:35:08,330 DEBUG    urllib3.connectionpool Starting new HTTPS connection (1): dl.google.com:443
2025-09-05 13:35:09,405 DEBUG    urllib3.connectionpool https://dl.google.com:443 "GET /dl/cloudsdk/channels/rapid/components/google-cloud-sdk-bq-20250829143545.tar.gz HTTP/11" 200 1856368
2025-09-05 13:35:09,417 INFO     ___FILE_ONLY___ ═
2025-09-05 13:35:09,417 INFO     ___FILE_ONLY___ ═
2025-09-05 13:35:09,417 INFO     ___FILE_ONLY___ ═
2025-09-05 13:35:09,417 INFO     ___FILE_ONLY___ ═
2025-09-05 13:35:09,417 INFO     ___FILE_ONLY___ ═
2025-09-05 13:35:09,418 INFO     ___FILE_ONLY___ ═
2025-09-05 13:35:09,418 INFO     ___FILE_ONLY___ ═
2025-09-05 13:35:09,418 INFO     ___FILE_ONLY___ ═
2025-09-05 13:35:09,418 INFO     ___FILE_ONLY___ ═
2025-09-05 13:35:09,418 INFO     ___FILE_ONLY___ ═
2025-09-05 13:35:09,418 INFO     ___FILE_ONLY___ ═
2025-09-05 13:35:09,418 INFO     ___FILE_ONLY___ ═
2025-09-05 13:35:09,419 INFO     ___FILE_ONLY___ ═
2025-09-05 13:35:09,419 INFO     ___FILE_ONLY___ ═
2025-09-05 13:35:09,419 INFO     ___FILE_ONLY___ ═
2025-09-05 13:35:09,419 INFO     ___FILE_ONLY___ ═
2025-09-05 13:35:09,419 INFO     ___FILE_ONLY___ ═
2025-09-05 13:35:09,419 INFO     ___FILE_ONLY___ ═
2025-09-05 13:35:09,419 INFO     ___FILE_ONLY___ ═
2025-09-05 13:35:09,419 INFO     ___FILE_ONLY___ ═
2025-09-05 13:35:09,419 INFO     ___FILE_ONLY___ ═
2025-09-05 13:35:09,419 INFO     ___FILE_ONLY___ ═
2025-09-05 13:35:09,420 INFO     ___FILE_ONLY___ ═
2025-09-05 13:35:09,420 INFO     ___FILE_ONLY___ ═
2025-09-05 13:35:09,420 INFO     ___FILE_ONLY___ ═
2025-09-05 13:35:09,420 INFO     ___FILE_ONLY___ ═
2025-09-05 13:35:09,420 INFO     ___FILE_ONLY___ ═
2025-09-05 13:35:09,421 INFO     ___FILE_ONLY___ ═
2025-09-05 13:35:09,421 INFO     ___FILE_ONLY___ ═
2025-09-05 13:35:09,421 INFO     ___FILE_ONLY___ ═
2025-09-05 13:35:09,421 INFO     ___FILE_ONLY___ ═
2025-09-05 13:35:09,421 INFO     ___FILE_ONLY___ ═
2025-09-05 13:35:09,421 INFO     ___FILE_ONLY___ ═
2025-09-05 13:35:09,421 INFO     ___FILE_ONLY___ ═
2025-09-05 13:35:09,421 INFO     ___FILE_ONLY___ ═
2025-09-05 13:35:09,422 INFO     ___FILE_ONLY___ ═
2025-09-05 13:35:09,422 INFO     ___FILE_ONLY___ ═
2025-09-05 13:35:09,422 INFO     ___FILE_ONLY___ ═
2025-09-05 13:35:09,422 INFO     ___FILE_ONLY___ ═
2025-09-05 13:35:09,422 INFO     ___FILE_ONLY___ ═
2025-09-05 13:35:09,422 INFO     ___FILE_ONLY___ ═
2025-09-05 13:35:09,422 INFO     ___FILE_ONLY___ ═
2025-09-05 13:35:09,423 INFO     ___FILE_ONLY___ ═
2025-09-05 13:35:09,423 INFO     ___FILE_ONLY___ ═
2025-09-05 13:35:09,423 INFO     ___FILE_ONLY___ ═
2025-09-05 13:35:09,423 INFO     ___FILE_ONLY___ ═
2025-09-05 13:35:09,423 INFO     ___FILE_ONLY___ ═
2025-09-05 13:35:09,423 INFO     ___FILE_ONLY___ ═
2025-09-05 13:35:09,423 INFO     ___FILE_ONLY___ ═
2025-09-05 13:35:09,423 INFO     ___FILE_ONLY___ ═
2025-09-05 13:35:09,424 INFO     ___FILE_ONLY___ ═
2025-09-05 13:35:09,424 INFO     ___FILE_ONLY___ ═
2025-09-05 13:35:09,424 INFO     ___FILE_ONLY___ ═
2025-09-05 13:35:09,424 INFO     ___FILE_ONLY___ ═
2025-09-05 13:35:09,424 INFO     ___FILE_ONLY___ ═
2025-09-05 13:35:09,424 INFO     ___FILE_ONLY___ ═
2025-09-05 13:35:09,425 INFO     ___FILE_ONLY___ ═
2025-09-05 13:35:09,425 INFO     ___FILE_ONLY___ ═
2025-09-05 13:35:09,425 INFO     ___FILE_ONLY___ ═
2025-09-05 13:35:09,425 INFO     ___FILE_ONLY___ ═
2025-09-05 13:35:09,425 INFO     ___FILE_ONLY___ ╝

2025-09-05 13:35:09,427 INFO     ___FILE_ONLY___ ╔════════════════════════════════════════════════════════════╗

2025-09-05 13:35:09,427 INFO     ___FILE_ONLY___ ╠═ Downloading: BigQuery Command Line Tool (Platform Spe... ═╣

2025-09-05 13:35:09,427 INFO     ___FILE_ONLY___ ╚
2025-09-05 13:35:09,430 DEBUG    urllib3.connectionpool Starting new HTTPS connection (1): dl.google.com:443
2025-09-05 13:35:10,491 DEBUG    urllib3.connectionpool https://dl.google.com:443 "GET /dl/cloudsdk/channels/rapid/components/google-cloud-sdk-bq-nix-20250523104322.tar.gz HTTP/11" 200 1935
2025-09-05 13:35:10,492 INFO     ___FILE_ONLY___ ════════════════════════════════════════════════════════════
2025-09-05 13:35:10,492 INFO     ___FILE_ONLY___ ╝

2025-09-05 13:35:10,495 INFO     ___FILE_ONLY___ ╔════════════════════════════════════════════════════════════╗

2025-09-05 13:35:10,495 INFO     ___FILE_ONLY___ ╠═ Downloading: Bundled Python 3.12                         ═╣

2025-09-05 13:35:10,495 INFO     ___FILE_ONLY___ ╚
2025-09-05 13:35:10,495 INFO     ___FILE_ONLY___ ════════════════════════════════════════════════════════════
2025-09-05 13:35:10,495 INFO     ___FILE_ONLY___ ╝

2025-09-05 13:35:10,497 INFO     ___FILE_ONLY___ ╔════════════════════════════════════════════════════════════╗

2025-09-05 13:35:10,497 INFO     ___FILE_ONLY___ ╠═ Downloading: Bundled Python 3.12 (Platform Specific)     ═╣

2025-09-05 13:35:10,497 INFO     ___FILE_ONLY___ ╚
2025-09-05 13:35:10,500 DEBUG    urllib3.connectionpool Starting new HTTPS connection (1): dl.google.com:443
2025-09-05 13:35:11,592 DEBUG    urllib3.connectionpool https://dl.google.com:443 "GET /dl/cloudsdk/channels/rapid/components/google-cloud-sdk-bundled-python3-unix-linux-x86_64-20250502143716.tar.gz HTTP/11" 200 93610468
2025-09-05 13:35:11,908 INFO     ___FILE_ONLY___ ═
2025-09-05 13:35:11,910 INFO     ___FILE_ONLY___ ═
2025-09-05 13:35:11,912 INFO     ___FILE_ONLY___ ═
2025-09-05 13:35:11,913 INFO     ___FILE_ONLY___ ═
2025-09-05 13:35:11,915 INFO     ___FILE_ONLY___ ═
2025-09-05 13:35:11,916 INFO     ___FILE_ONLY___ ═
2025-09-05 13:35:11,918 INFO     ___FILE_ONLY___ ═
2025-09-05 13:35:11,919 INFO     ___FILE_ONLY___ ═
2025-09-05 13:35:11,921 INFO     ___FILE_ONLY___ ═
2025-09-05 13:35:11,923 INFO     ___FILE_ONLY___ ═
2025-09-05 13:35:11,924 INFO     ___FILE_ONLY___ ═
2025-09-05 13:35:11,926 INFO     ___FILE_ONLY___ ═
2025-09-05 13:35:11,927 INFO     ___FILE_ONLY___ ═
2025-09-05 13:35:11,929 INFO     ___FILE_ONLY___ ═
2025-09-05 13:35:11,931 INFO     ___FILE_ONLY___ ═
2025-09-05 13:35:11,932 INFO     ___FILE_ONLY___ ═
2025-09-05 13:35:11,934 INFO     ___FILE_ONLY___ ═
2025-09-05 13:35:11,935 INFO     ___FILE_ONLY___ ═
2025-09-05 13:35:11,937 INFO     ___FILE_ONLY___ ═
2025-09-05 13:35:11,938 INFO     ___FILE_ONLY___ ═
2025-09-05 13:35:11,940 INFO     ___FILE_ONLY___ ═
2025-09-05 13:35:11,942 INFO     ___FILE_ONLY___ ═
2025-09-05 13:35:11,943 INFO     ___FILE_ONLY___ ═
2025-09-05 13:35:11,945 INFO     ___FILE_ONLY___ ═
2025-09-05 13:35:11,946 INFO     ___FILE_ONLY___ ═
2025-09-05 13:35:11,948 INFO     ___FILE_ONLY___ ═
2025-09-05 13:35:11,949 INFO     ___FILE_ONLY___ ═
2025-09-05 13:35:11,951 INFO     ___FILE_ONLY___ ═
2025-09-05 13:35:11,953 INFO     ___FILE_ONLY___ ═
2025-09-05 13:35:11,954 INFO     ___FILE_ONLY___ ═
2025-09-05 13:35:11,956 INFO     ___FILE_ONLY___ ═
2025-09-05 13:35:11,957 INFO     ___FILE_ONLY___ ═
2025-09-05 13:35:11,959 INFO     ___FILE_ONLY___ ═
2025-09-05 13:35:11,960 INFO     ___FILE_ONLY___ ═
2025-09-05 13:35:11,962 INFO     ___FILE_ONLY___ ═
2025-09-05 13:35:11,964 INFO     ___FILE_ONLY___ ═
2025-09-05 13:35:11,965 INFO     ___FILE_ONLY___ ═
2025-09-05 13:35:11,967 INFO     ___FILE_ONLY___ ═
2025-09-05 13:35:11,968 INFO     ___FILE_ONLY___ ═
2025-09-05 13:35:11,970 INFO     ___FILE_ONLY___ ═
2025-09-05 13:35:11,971 INFO     ___FILE_ONLY___ ═
2025-09-05 13:35:11,973 INFO     ___FILE_ONLY___ ═
2025-09-05 13:35:11,975 INFO     ___FILE_ONLY___ ═
2025-09-05 13:35:11,976 INFO     ___FILE_ONLY___ ═
2025-09-05 13:35:11,978 INFO     ___FILE_ONLY___ ═
2025-09-05 13:35:11,979 INFO     ___FILE_ONLY___ ═
2025-09-05 13:35:11,981 INFO     ___FILE_ONLY___ ═
2025-09-05 13:35:11,982 INFO     ___FILE_ONLY___ ═
2025-09-05 13:35:11,984 INFO     ___FILE_ONLY___ ═
2025-09-05 13:35:11,985 INFO     ___FILE_ONLY___ ═
2025-09-05 13:35:11,987 INFO     ___FILE_ONLY___ ═
2025-09-05 13:35:11,989 INFO     ___FILE_ONLY___ ═
2025-09-05 13:35:11,990 INFO     ___FILE_ONLY___ ═
2025-09-05 13:35:11,992 INFO     ___FILE_ONLY___ ═
2025-09-05 13:35:11,993 INFO     ___FILE_ONLY___ ═
2025-09-05 13:35:11,995 INFO     ___FILE_ONLY___ ═
2025-09-05 13:35:11,996 INFO     ___FILE_ONLY___ ═
2025-09-05 13:35:11,998 INFO     ___FILE_ONLY___ ═
2025-09-05 13:35:12,000 INFO     ___FILE_ONLY___ ═
2025-09-05 13:35:12,001 INFO     ___FILE_ONLY___ ═
2025-09-05 13:35:12,001 INFO     ___FILE_ONLY___ ╝

2025-09-05 13:35:12,004 INFO     ___FILE_ONLY___ ╔════════════════════════════════════════════════════════════╗

2025-09-05 13:35:12,004 INFO     ___FILE_ONLY___ ╠═ Downloading: Cloud Storage Command Line Tool             ═╣

2025-09-05 13:35:12,004 INFO     ___FILE_ONLY___ ╚
2025-09-05 13:35:12,006 DEBUG    urllib3.connectionpool Starting new HTTPS connection (1): dl.google.com:443
2025-09-05 13:35:12,205 DEBUG    urllib3.connectionpool https://dl.google.com:443 "GET /dl/cloudsdk/channels/rapid/components/google-cloud-sdk-gsutil-20250627154417.tar.gz HTTP/11" 200 12962791
2025-09-05 13:35:12,256 INFO     ___FILE_ONLY___ ═
2025-09-05 13:35:12,256 INFO     ___FILE_ONLY___ ═
2025-09-05 13:35:12,256 INFO     ___FILE_ONLY___ ═
2025-09-05 13:35:12,257 INFO     ___FILE_ONLY___ ═
2025-09-05 13:35:12,257 INFO     ___FILE_ONLY___ ═
2025-09-05 13:35:12,257 INFO     ___FILE_ONLY___ ═
2025-09-05 13:35:12,258 INFO     ___FILE_ONLY___ ═
2025-09-05 13:35:12,258 INFO     ___FILE_ONLY___ ═
2025-09-05 13:35:12,258 INFO     ___FILE_ONLY___ ═
2025-09-05 13:35:12,258 INFO     ___FILE_ONLY___ ═
2025-09-05 13:35:12,259 INFO     ___FILE_ONLY___ ═
2025-09-05 13:35:12,259 INFO     ___FILE_ONLY___ ═
2025-09-05 13:35:12,259 INFO     ___FILE_ONLY___ ═
2025-09-05 13:35:12,259 INFO     ___FILE_ONLY___ ═
2025-09-05 13:35:12,260 INFO     ___FILE_ONLY___ ═
2025-09-05 13:35:12,260 INFO     ___FILE_ONLY___ ═
2025-09-05 13:35:12,260 INFO     ___FILE_ONLY___ ═
2025-09-05 13:35:12,260 INFO     ___FILE_ONLY___ ═
2025-09-05 13:35:12,261 INFO     ___FILE_ONLY___ ═
2025-09-05 13:35:12,261 INFO     ___FILE_ONLY___ ═
2025-09-05 13:35:12,261 INFO     ___FILE_ONLY___ ═
2025-09-05 13:35:12,262 INFO     ___FILE_ONLY___ ═
2025-09-05 13:35:12,262 INFO     ___FILE_ONLY___ ═
2025-09-05 13:35:12,262 INFO     ___FILE_ONLY___ ═
2025-09-05 13:35:12,262 INFO     ___FILE_ONLY___ ═
2025-09-05 13:35:12,263 INFO     ___FILE_ONLY___ ═
2025-09-05 13:35:12,263 INFO     ___FILE_ONLY___ ═
2025-09-05 13:35:12,263 INFO     ___FILE_ONLY___ ═
2025-09-05 13:35:12,263 INFO     ___FILE_ONLY___ ═
2025-09-05 13:35:12,264 INFO     ___FILE_ONLY___ ═
2025-09-05 13:35:12,264 INFO     ___FILE_ONLY___ ═
2025-09-05 13:35:12,264 INFO     ___FILE_ONLY___ ═
2025-09-05 13:35:12,264 INFO     ___FILE_ONLY___ ═
2025-09-05 13:35:12,265 INFO     ___FILE_ONLY___ ═
2025-09-05 13:35:12,265 INFO     ___FILE_ONLY___ ═
2025-09-05 13:35:12,265 INFO     ___FILE_ONLY___ ═
2025-09-05 13:35:12,266 INFO     ___FILE_ONLY___ ═
2025-09-05 13:35:12,266 INFO     ___FILE_ONLY___ ═
2025-09-05 13:35:12,266 INFO     ___FILE_ONLY___ ═
2025-09-05 13:35:12,266 INFO     ___FILE_ONLY___ ═
2025-09-05 13:35:12,267 INFO     ___FILE_ONLY___ ═
2025-09-05 13:35:12,267 INFO     ___FILE_ONLY___ ═
2025-09-05 13:35:12,267 INFO     ___FILE_ONLY___ ═
2025-09-05 13:35:12,267 INFO     ___FILE_ONLY___ ═
2025-09-05 13:35:12,268 INFO     ___FILE_ONLY___ ═
2025-09-05 13:35:12,268 INFO     ___FILE_ONLY___ ═
2025-09-05 13:35:12,268 INFO     ___FILE_ONLY___ ═
2025-09-05 13:35:12,268 INFO     ___FILE_ONLY___ ═
2025-09-05 13:35:12,269 INFO     ___FILE_ONLY___ ═
2025-09-05 13:35:12,269 INFO     ___FILE_ONLY___ ═
2025-09-05 13:35:12,269 INFO     ___FILE_ONLY___ ═
2025-09-05 13:35:12,270 INFO     ___FILE_ONLY___ ═
2025-09-05 13:35:12,270 INFO     ___FILE_ONLY___ ═
2025-09-05 13:35:12,270 INFO     ___FILE_ONLY___ ═
2025-09-05 13:35:12,270 INFO     ___FILE_ONLY___ ═
2025-09-05 13:35:12,271 INFO     ___FILE_ONLY___ ═
2025-09-05 13:35:12,271 INFO     ___FILE_ONLY___ ═
2025-09-05 13:35:12,271 INFO     ___FILE_ONLY___ ═
2025-09-05 13:35:12,271 INFO     ___FILE_ONLY___ ═
2025-09-05 13:35:12,272 INFO     ___FILE_ONLY___ ═
2025-09-05 13:35:12,272 INFO     ___FILE_ONLY___ ╝

2025-09-05 13:35:12,274 INFO     ___FILE_ONLY___ ╔════════════════════════════════════════════════════════════╗

2025-09-05 13:35:12,274 INFO     ___FILE_ONLY___ ╠═ Downloading: Cloud Storage Command Line Tool (Platfor... ═╣

2025-09-05 13:35:12,274 INFO     ___FILE_ONLY___ ╚
2025-09-05 13:35:12,277 DEBUG    urllib3.connectionpool Starting new HTTPS connection (1): dl.google.com:443
2025-09-05 13:35:13,336 DEBUG    urllib3.connectionpool https://dl.google.com:443 "GET /dl/cloudsdk/channels/rapid/components/google-cloud-sdk-gsutil-nix-20250523104322.tar.gz HTTP/11" 200 1950
2025-09-05 13:35:13,337 INFO     ___FILE_ONLY___ ════════════════════════════════════════════════════════════
2025-09-05 13:35:13,337 INFO     ___FILE_ONLY___ ╝

2025-09-05 13:35:13,339 INFO     ___FILE_ONLY___ ╔════════════════════════════════════════════════════════════╗

2025-09-05 13:35:13,339 INFO     ___FILE_ONLY___ ╠═ Downloading: Default set of gcloud commands              ═╣

2025-09-05 13:35:13,339 INFO     ___FILE_ONLY___ ╚
2025-09-05 13:35:13,339 INFO     ___FILE_ONLY___ ════════════════════════════════════════════════════════════
2025-09-05 13:35:13,339 INFO     ___FILE_ONLY___ ╝

2025-09-05 13:35:13,341 INFO     ___FILE_ONLY___ ╔════════════════════════════════════════════════════════════╗

2025-09-05 13:35:13,341 INFO     ___FILE_ONLY___ ╠═ Downloading: Google Cloud CLI Core Libraries (Platfor... ═╣

2025-09-05 13:35:13,341 INFO     ___FILE_ONLY___ ╚
2025-09-05 13:35:13,344 DEBUG    urllib3.connectionpool Starting new HTTPS connection (1): dl.google.com:443
2025-09-05 13:35:14,475 DEBUG    urllib3.connectionpool https://dl.google.com:443 "GET /dl/cloudsdk/channels/rapid/components/google-cloud-sdk-core-nix-20250523104322.tar.gz HTTP/11" 200 2325
2025-09-05 13:35:14,476 INFO     ___FILE_ONLY___ ════════════════════════════════════════════════════════════
2025-09-05 13:35:14,476 INFO     ___FILE_ONLY___ ╝

2025-09-05 13:35:14,478 INFO     ___FILE_ONLY___ ╔════════════════════════════════════════════════════════════╗

2025-09-05 13:35:14,478 INFO     ___FILE_ONLY___ ╠═ Downloading: Google Cloud CRC32C Hash Tool               ═╣

2025-09-05 13:35:14,478 INFO     ___FILE_ONLY___ ╚
2025-09-05 13:35:14,478 INFO     ___FILE_ONLY___ ════════════════════════════════════════════════════════════
2025-09-05 13:35:14,478 INFO     ___FILE_ONLY___ ╝

2025-09-05 13:35:14,480 INFO     ___FILE_ONLY___ ╔════════════════════════════════════════════════════════════╗

2025-09-05 13:35:14,480 INFO     ___FILE_ONLY___ ╠═ Downloading: Google Cloud CRC32C Hash Tool (Platform ... ═╣

2025-09-05 13:35:14,480 INFO     ___FILE_ONLY___ ╚
2025-09-05 13:35:14,483 DEBUG    urllib3.connectionpool Starting new HTTPS connection (1): dl.google.com:443
2025-09-05 13:35:15,504 DEBUG    urllib3.connectionpool https://dl.google.com:443 "GET /dl/cloudsdk/channels/rapid/components/google-cloud-sdk-gcloud-crc32c-linux-x86_64-20250613150750.tar.gz HTTP/11" 200 1525557
2025-09-05 13:35:15,515 INFO     ___FILE_ONLY___ ═
2025-09-05 13:35:15,515 INFO     ___FILE_ONLY___ ═
2025-09-05 13:35:15,515 INFO     ___FILE_ONLY___ ═
2025-09-05 13:35:15,515 INFO     ___FILE_ONLY___ ═
2025-09-05 13:35:15,515 INFO     ___FILE_ONLY___ ═
2025-09-05 13:35:15,515 INFO     ___FILE_ONLY___ ═
2025-09-05 13:35:15,515 INFO     ___FILE_ONLY___ ═
2025-09-05 13:35:15,515 INFO     ___FILE_ONLY___ ═
2025-09-05 13:35:15,515 INFO     ___FILE_ONLY___ ═
2025-09-05 13:35:15,516 INFO     ___FILE_ONLY___ ═
2025-09-05 13:35:15,516 INFO     ___FILE_ONLY___ ═
2025-09-05 13:35:15,516 INFO     ___FILE_ONLY___ ═
2025-09-05 13:35:15,516 INFO     ___FILE_ONLY___ ═
2025-09-05 13:35:15,516 INFO     ___FILE_ONLY___ ═
2025-09-05 13:35:15,516 INFO     ___FILE_ONLY___ ═
2025-09-05 13:35:15,516 INFO     ___FILE_ONLY___ ═
2025-09-05 13:35:15,516 INFO     ___FILE_ONLY___ ═
2025-09-05 13:35:15,516 INFO     ___FILE_ONLY___ ═
2025-09-05 13:35:15,516 INFO     ___FILE_ONLY___ ═
2025-09-05 13:35:15,516 INFO     ___FILE_ONLY___ ═
2025-09-05 13:35:15,516 INFO     ___FILE_ONLY___ ═
2025-09-05 13:35:15,517 INFO     ___FILE_ONLY___ ═
2025-09-05 13:35:15,517 INFO     ___FILE_ONLY___ ═
2025-09-05 13:35:15,517 INFO     ___FILE_ONLY___ ═
2025-09-05 13:35:15,517 INFO     ___FILE_ONLY___ ═
2025-09-05 13:35:15,517 INFO     ___FILE_ONLY___ ═
2025-09-05 13:35:15,517 INFO     ___FILE_ONLY___ ═
2025-09-05 13:35:15,517 INFO     ___FILE_ONLY___ ═
2025-09-05 13:35:15,517 INFO     ___FILE_ONLY___ ═
2025-09-05 13:35:15,517 INFO     ___FILE_ONLY___ ═
2025-09-05 13:35:15,517 INFO     ___FILE_ONLY___ ═
2025-09-05 13:35:15,517 INFO     ___FILE_ONLY___ ═
2025-09-05 13:35:15,517 INFO     ___FILE_ONLY___ ═
2025-09-05 13:35:15,517 INFO     ___FILE_ONLY___ ═
2025-09-05 13:35:15,518 INFO     ___FILE_ONLY___ ═
2025-09-05 13:35:15,518 INFO     ___FILE_ONLY___ ═
2025-09-05 13:35:15,518 INFO     ___FILE_ONLY___ ═
2025-09-05 13:35:15,518 INFO     ___FILE_ONLY___ ═
2025-09-05 13:35:15,518 INFO     ___FILE_ONLY___ ═
2025-09-05 13:35:15,518 INFO     ___FILE_ONLY___ ═
2025-09-05 13:35:15,518 INFO     ___FILE_ONLY___ ═
2025-09-05 13:35:15,518 INFO     ___FILE_ONLY___ ═
2025-09-05 13:35:15,518 INFO     ___FILE_ONLY___ ═
2025-09-05 13:35:15,518 INFO     ___FILE_ONLY___ ═
2025-09-05 13:35:15,518 INFO     ___FILE_ONLY___ ═
2025-09-05 13:35:15,518 INFO     ___FILE_ONLY___ ═
2025-09-05 13:35:15,518 INFO     ___FILE_ONLY___ ═
2025-09-05 13:35:15,519 INFO     ___FILE_ONLY___ ═
2025-09-05 13:35:15,519 INFO     ___FILE_ONLY___ ═
2025-09-05 13:35:15,519 INFO     ___FILE_ONLY___ ═
2025-09-05 13:35:15,519 INFO     ___FILE_ONLY___ ═
2025-09-05 13:35:15,519 INFO     ___FILE_ONLY___ ═
2025-09-05 13:35:15,519 INFO     ___FILE_ONLY___ ═
2025-09-05 13:35:15,519 INFO     ___FILE_ONLY___ ═
2025-09-05 13:35:15,519 INFO     ___FILE_ONLY___ ═
2025-09-05 13:35:15,519 INFO     ___FILE_ONLY___ ═
2025-09-05 13:35:15,519 INFO     ___FILE_ONLY___ ═
2025-09-05 13:35:15,519 INFO     ___FILE_ONLY___ ═
2025-09-05 13:35:15,519 INFO     ___FILE_ONLY___ ═
2025-09-05 13:35:15,519 INFO     ___FILE_ONLY___ ═
2025-09-05 13:35:15,520 INFO     ___FILE_ONLY___ ╝

2025-09-05 13:35:15,522 INFO     ___FILE_ONLY___ ╔════════════════════════════════════════════════════════════╗

2025-09-05 13:35:15,522 INFO     ___FILE_ONLY___ ╠═ Downloading: gcloud cli dependencies (Platform Specific) ═╣

2025-09-05 13:35:15,522 INFO     ___FILE_ONLY___ ╚
2025-09-05 13:35:15,526 DEBUG    urllib3.connectionpool Starting new HTTPS connection (1): dl.google.com:443
2025-09-05 13:35:16,631 DEBUG    urllib3.connectionpool https://dl.google.com:443 "GET /dl/cloudsdk/channels/rapid/components/google-cloud-sdk-gcloud-deps-linux-x86_64-20210416153011.tar.gz HTTP/11" 200 104
2025-09-05 13:35:16,632 INFO     ___FILE_ONLY___ ════════════════════════════════════════════════════════════
2025-09-05 13:35:16,632 INFO     ___FILE_ONLY___ ╝

2025-09-05 13:35:16,634 INFO     ___FILE_ONLY___ ╔════════════════════════════════════════════════════════════╗

2025-09-05 13:35:16,634 INFO     ___FILE_ONLY___ ╠═ Installing: BigQuery Command Line Tool                   ═╣

2025-09-05 13:35:16,634 INFO     ___FILE_ONLY___ ╚
2025-09-05 13:35:16,722 INFO     ___FILE_ONLY___ ═
2025-09-05 13:35:16,725 INFO     ___FILE_ONLY___ ═
2025-09-05 13:35:16,727 INFO     ___FILE_ONLY___ ═
2025-09-05 13:35:16,729 INFO     ___FILE_ONLY___ ═
2025-09-05 13:35:16,732 INFO     ___FILE_ONLY___ ═
2025-09-05 13:35:16,734 INFO     ___FILE_ONLY___ ═
2025-09-05 13:35:16,736 INFO     ___FILE_ONLY___ ═
2025-09-05 13:35:16,738 INFO     ___FILE_ONLY___ ═
2025-09-05 13:35:16,740 INFO     ___FILE_ONLY___ ═
2025-09-05 13:35:16,742 INFO     ___FILE_ONLY___ ═
2025-09-05 13:35:16,744 INFO     ___FILE_ONLY___ ═
2025-09-05 13:35:16,746 INFO     ___FILE_ONLY___ ═
2025-09-05 13:35:16,748 INFO     ___FILE_ONLY___ ═
2025-09-05 13:35:16,750 INFO     ___FILE_ONLY___ ═
2025-09-05 13:35:16,752 INFO     ___FILE_ONLY___ ═
2025-09-05 13:35:16,754 INFO     ___FILE_ONLY___ ═
2025-09-05 13:35:16,756 INFO     ___FILE_ONLY___ ═
2025-09-05 13:35:16,758 INFO     ___FILE_ONLY___ ═
2025-09-05 13:35:16,760 INFO     ___FILE_ONLY___ ═
2025-09-05 13:35:16,763 INFO     ___FILE_ONLY___ ═
2025-09-05 13:35:16,765 INFO     ___FILE_ONLY___ ═
2025-09-05 13:35:16,767 INFO     ___FILE_ONLY___ ═
2025-09-05 13:35:16,770 INFO     ___FILE_ONLY___ ═
2025-09-05 13:35:16,771 INFO     ___FILE_ONLY___ ═
2025-09-05 13:35:16,773 INFO     ___FILE_ONLY___ ═
2025-09-05 13:35:16,775 INFO     ___FILE_ONLY___ ═
2025-09-05 13:35:16,777 INFO     ___FILE_ONLY___ ═
2025-09-05 13:35:16,779 INFO     ___FILE_ONLY___ ═
2025-09-05 13:35:16,781 INFO     ___FILE_ONLY___ ═
2025-09-05 13:35:16,784 INFO     ___FILE_ONLY___ ═
2025-09-05 13:35:16,786 INFO     ___FILE_ONLY___ ═
2025-09-05 13:35:16,788 INFO     ___FILE_ONLY___ ═
2025-09-05 13:35:16,790 INFO     ___FILE_ONLY___ ═
2025-09-05 13:35:16,793 INFO     ___FILE_ONLY___ ═
2025-09-05 13:35:16,795 INFO     ___FILE_ONLY___ ═
2025-09-05 13:35:16,802 INFO     ___FILE_ONLY___ ═
2025-09-05 13:35:16,807 INFO     ___FILE_ONLY___ ═
2025-09-05 13:35:16,811 INFO     ___FILE_ONLY___ ═
2025-09-05 13:35:16,813 INFO     ___FILE_ONLY___ ═
2025-09-05 13:35:16,816 INFO     ___FILE_ONLY___ ═
2025-09-05 13:35:16,818 INFO     ___FILE_ONLY___ ═
2025-09-05 13:35:16,820 INFO     ___FILE_ONLY___ ═
2025-09-05 13:35:16,823 INFO     ___FILE_ONLY___ ═
2025-09-05 13:35:16,826 INFO     ___FILE_ONLY___ ═
2025-09-05 13:35:16,828 INFO     ___FILE_ONLY___ ═
2025-09-05 13:35:16,831 INFO     ___FILE_ONLY___ ═
2025-09-05 13:35:16,832 INFO     ___FILE_ONLY___ ═
2025-09-05 13:35:16,835 INFO     ___FILE_ONLY___ ═
2025-09-05 13:35:16,836 INFO     ___FILE_ONLY___ ═
2025-09-05 13:35:16,838 INFO     ___FILE_ONLY___ ═
2025-09-05 13:35:16,840 INFO     ___FILE_ONLY___ ═
2025-09-05 13:35:16,843 INFO     ___FILE_ONLY___ ═
2025-09-05 13:35:16,844 INFO     ___FILE_ONLY___ ═
2025-09-05 13:35:16,847 INFO     ___FILE_ONLY___ ═
2025-09-05 13:35:16,849 INFO     ___FILE_ONLY___ ═
2025-09-05 13:35:16,851 INFO     ___FILE_ONLY___ ═
2025-09-05 13:35:16,853 INFO     ___FILE_ONLY___ ═
2025-09-05 13:35:16,855 INFO     ___FILE_ONLY___ ═
2025-09-05 13:35:16,856 INFO     ___FILE_ONLY___ ═
2025-09-05 13:35:16,858 INFO     ___FILE_ONLY___ ═
2025-09-05 13:35:16,859 INFO     ___FILE_ONLY___ ╝

2025-09-05 13:35:16,868 INFO     ___FILE_ONLY___ ╔════════════════════════════════════════════════════════════╗

2025-09-05 13:35:16,868 INFO     ___FILE_ONLY___ ╠═ Installing: BigQuery Command Line Tool (Platform Spec... ═╣

2025-09-05 13:35:16,868 INFO     ___FILE_ONLY___ ╚
2025-09-05 13:35:16,869 INFO     ___FILE_ONLY___ ════════════════════════════════════════════════════════════
2025-09-05 13:35:16,869 INFO     ___FILE_ONLY___ ╝

2025-09-05 13:35:16,873 INFO     ___FILE_ONLY___ ╔════════════════════════════════════════════════════════════╗

2025-09-05 13:35:16,873 INFO     ___FILE_ONLY___ ╠═ Installing: Bundled Python 3.12                          ═╣

2025-09-05 13:35:16,873 INFO     ___FILE_ONLY___ ╚
2025-09-05 13:35:16,875 INFO     ___FILE_ONLY___ ════════════════════════════════════════════════════════════
2025-09-05 13:35:16,875 INFO     ___FILE_ONLY___ ╝

2025-09-05 13:35:16,877 INFO     ___FILE_ONLY___ ╔════════════════════════════════════════════════════════════╗

2025-09-05 13:35:16,877 INFO     ___FILE_ONLY___ ╠═ Installing: Bundled Python 3.12 (Platform Specific)      ═╣

2025-09-05 13:35:16,877 INFO     ___FILE_ONLY___ ╚
2025-09-05 13:35:19,002 INFO     ___FILE_ONLY___ ═
2025-09-05 13:35:19,014 INFO     ___FILE_ONLY___ ═
2025-09-05 13:35:19,025 INFO     ___FILE_ONLY___ ═
2025-09-05 13:35:19,037 INFO     ___FILE_ONLY___ ═
2025-09-05 13:35:19,049 INFO     ___FILE_ONLY___ ═
2025-09-05 13:35:19,061 INFO     ___FILE_ONLY___ ═
2025-09-05 13:35:19,073 INFO     ___FILE_ONLY___ ═
2025-09-05 13:35:19,084 INFO     ___FILE_ONLY___ ═
2025-09-05 13:35:19,097 INFO     ___FILE_ONLY___ ═
2025-09-05 13:35:19,108 INFO     ___FILE_ONLY___ ═
2025-09-05 13:35:19,120 INFO     ___FILE_ONLY___ ═
2025-09-05 13:35:19,132 INFO     ___FILE_ONLY___ ═
2025-09-05 13:35:19,144 INFO     ___FILE_ONLY___ ═
2025-09-05 13:35:19,155 INFO     ___FILE_ONLY___ ═
2025-09-05 13:35:19,167 INFO     ___FILE_ONLY___ ═
2025-09-05 13:35:19,179 INFO     ___FILE_ONLY___ ═
2025-09-05 13:35:19,192 INFO     ___FILE_ONLY___ ═
2025-09-05 13:35:19,204 INFO     ___FILE_ONLY___ ═
2025-09-05 13:35:19,216 INFO     ___FILE_ONLY___ ═
2025-09-05 13:35:19,229 INFO     ___FILE_ONLY___ ═
2025-09-05 13:35:19,241 INFO     ___FILE_ONLY___ ═
2025-09-05 13:35:19,253 INFO     ___FILE_ONLY___ ═
2025-09-05 13:35:19,265 INFO     ___FILE_ONLY___ ═
2025-09-05 13:35:19,277 INFO     ___FILE_ONLY___ ═
2025-09-05 13:35:19,289 INFO     ___FILE_ONLY___ ═
2025-09-05 13:35:19,301 INFO     ___FILE_ONLY___ ═
2025-09-05 13:35:19,312 INFO     ___FILE_ONLY___ ═
2025-09-05 13:35:19,324 INFO     ___FILE_ONLY___ ═
2025-09-05 13:35:19,336 INFO     ___FILE_ONLY___ ═
2025-09-05 13:35:19,347 INFO     ___FILE_ONLY___ ═
2025-09-05 13:35:19,359 INFO     ___FILE_ONLY___ ═
2025-09-05 13:35:19,371 INFO     ___FILE_ONLY___ ═
2025-09-05 13:35:19,383 INFO     ___FILE_ONLY___ ═
2025-09-05 13:35:19,395 INFO     ___FILE_ONLY___ ═
2025-09-05 13:35:19,411 INFO     ___FILE_ONLY___ ═
2025-09-05 13:35:19,426 INFO     ___FILE_ONLY___ ═
2025-09-05 13:35:20,245 INFO     ___FILE_ONLY___ ═
2025-09-05 13:35:20,268 INFO     ___FILE_ONLY___ ═
2025-09-05 13:35:20,734 INFO     ___FILE_ONLY___ ═
2025-09-05 13:35:20,751 INFO     ___FILE_ONLY___ ═
2025-09-05 13:35:20,771 INFO     ___FILE_ONLY___ ═
2025-09-05 13:35:20,796 INFO     ___FILE_ONLY___ ═
2025-09-05 13:35:20,813 INFO     ___FILE_ONLY___ ═
2025-09-05 13:35:20,839 INFO     ___FILE_ONLY___ ═
2025-09-05 13:35:20,859 INFO     ___FILE_ONLY___ ═
2025-09-05 13:35:20,877 INFO     ___FILE_ONLY___ ═
2025-09-05 13:35:20,893 INFO     ___FILE_ONLY___ ═
2025-09-05 13:35:20,909 INFO     ___FILE_ONLY___ ═
2025-09-05 13:35:20,992 INFO     ___FILE_ONLY___ ═
2025-09-05 13:35:21,009 INFO     ___FILE_ONLY___ ═
2025-09-05 13:35:21,143 INFO     ___FILE_ONLY___ ═
2025-09-05 13:35:21,158 INFO     ___FILE_ONLY___ ═
2025-09-05 13:35:21,174 INFO     ___FILE_ONLY___ ═
2025-09-05 13:35:21,190 INFO     ___FILE_ONLY___ ═
2025-09-05 13:35:21,205 INFO     ___FILE_ONLY___ ═
2025-09-05 13:35:21,222 INFO     ___FILE_ONLY___ ═
2025-09-05 13:35:21,238 INFO     ___FILE_ONLY___ ═
2025-09-05 13:35:21,254 INFO     ___FILE_ONLY___ ═
2025-09-05 13:35:21,280 INFO     ___FILE_ONLY___ ═
2025-09-05 13:35:21,756 INFO     ___FILE_ONLY___ ═
2025-09-05 13:35:21,757 INFO     ___FILE_ONLY___ ╝

2025-09-05 13:35:21,807 INFO     ___FILE_ONLY___ ╔════════════════════════════════════════════════════════════╗

2025-09-05 13:35:21,807 INFO     ___FILE_ONLY___ ╠═ Installing: Cloud Storage Command Line Tool              ═╣

2025-09-05 13:35:21,807 INFO     ___FILE_ONLY___ ╚
2025-09-05 13:35:22,418 INFO     ___FILE_ONLY___ ═
2025-09-05 13:35:22,429 INFO     ___FILE_ONLY___ ═
2025-09-05 13:35:22,440 INFO     ___FILE_ONLY___ ═
2025-09-05 13:35:22,450 INFO     ___FILE_ONLY___ ═
2025-09-05 13:35:22,459 INFO     ___FILE_ONLY___ ═
2025-09-05 13:35:22,493 INFO     ___FILE_ONLY___ ═
2025-09-05 13:35:22,506 INFO     ___FILE_ONLY___ ═
2025-09-05 13:35:22,521 INFO     ___FILE_ONLY___ ═
2025-09-05 13:35:22,536 INFO     ___FILE_ONLY___ ═
2025-09-05 13:35:22,551 INFO     ___FILE_ONLY___ ═
2025-09-05 13:35:22,568 INFO     ___FILE_ONLY___ ═
2025-09-05 13:35:22,579 INFO     ___FILE_ONLY___ ═
2025-09-05 13:35:22,591 INFO     ___FILE_ONLY___ ═
2025-09-05 13:35:22,599 INFO     ___FILE_ONLY___ ═
2025-09-05 13:35:22,609 INFO     ___FILE_ONLY___ ═
2025-09-05 13:35:22,625 INFO     ___FILE_ONLY___ ═
2025-09-05 13:35:22,638 INFO     ___FILE_ONLY___ ═
2025-09-05 13:35:22,647 INFO     ___FILE_ONLY___ ═
2025-09-05 13:35:22,658 INFO     ___FILE_ONLY___ ═
2025-09-05 13:35:22,669 INFO     ___FILE_ONLY___ ═
2025-09-05 13:35:22,678 INFO     ___FILE_ONLY___ ═
2025-09-05 13:35:22,690 INFO     ___FILE_ONLY___ ═
2025-09-05 13:35:22,700 INFO     ___FILE_ONLY___ ═
2025-09-05 13:35:22,711 INFO     ___FILE_ONLY___ ═
2025-09-05 13:35:22,721 INFO     ___FILE_ONLY___ ═
2025-09-05 13:35:22,730 INFO     ___FILE_ONLY___ ═
2025-09-05 13:35:22,741 INFO     ___FILE_ONLY___ ═
2025-09-05 13:35:22,754 INFO     ___FILE_ONLY___ ═
2025-09-05 13:35:22,770 INFO     ___FILE_ONLY___ ═
2025-09-05 13:35:22,782 INFO     ___FILE_ONLY___ ═
2025-09-05 13:35:22,793 INFO     ___FILE_ONLY___ ═
2025-09-05 13:35:22,814 INFO     ___FILE_ONLY___ ═
2025-09-05 13:35:22,830 INFO     ___FILE_ONLY___ ═
2025-09-05 13:35:22,851 INFO     ___FILE_ONLY___ ═
2025-09-05 13:35:22,866 INFO     ___FILE_ONLY___ ═
2025-09-05 13:35:22,883 INFO     ___FILE_ONLY___ ═
2025-09-05 13:35:22,893 INFO     ___FILE_ONLY___ ═
2025-09-05 13:35:22,904 INFO     ___FILE_ONLY___ ═
2025-09-05 13:35:22,938 INFO     ___FILE_ONLY___ ═
2025-09-05 13:35:22,952 INFO     ___FILE_ONLY___ ═
2025-09-05 13:35:22,963 INFO     ___FILE_ONLY___ ═
2025-09-05 13:35:22,973 INFO     ___FILE_ONLY___ ═
2025-09-05 13:35:22,983 INFO     ___FILE_ONLY___ ═
2025-09-05 13:35:22,993 INFO     ___FILE_ONLY___ ═
2025-09-05 13:35:23,004 INFO     ___FILE_ONLY___ ═
2025-09-05 13:35:23,013 INFO     ___FILE_ONLY___ ═
2025-09-05 13:35:23,023 INFO     ___FILE_ONLY___ ═
2025-09-05 13:35:23,032 INFO     ___FILE_ONLY___ ═
2025-09-05 13:35:23,042 INFO     ___FILE_ONLY___ ═
2025-09-05 13:35:23,055 INFO     ___FILE_ONLY___ ═
2025-09-05 13:35:23,069 INFO     ___FILE_ONLY___ ═
2025-09-05 13:35:23,082 INFO     ___FILE_ONLY___ ═
2025-09-05 13:35:23,095 INFO     ___FILE_ONLY___ ═
2025-09-05 13:35:23,108 INFO     ___FILE_ONLY___ ═
2025-09-05 13:35:23,121 INFO     ___FILE_ONLY___ ═
2025-09-05 13:35:23,135 INFO     ___FILE_ONLY___ ═
2025-09-05 13:35:23,152 INFO     ___FILE_ONLY___ ═
2025-09-05 13:35:23,172 INFO     ___FILE_ONLY___ ═
2025-09-05 13:35:23,189 INFO     ___FILE_ONLY___ ═
2025-09-05 13:35:23,207 INFO     ___FILE_ONLY___ ═
2025-09-05 13:35:23,207 INFO     ___FILE_ONLY___ ╝

2025-09-05 13:35:23,238 INFO     ___FILE_ONLY___ ╔════════════════════════════════════════════════════════════╗

2025-09-05 13:35:23,238 INFO     ___FILE_ONLY___ ╠═ Installing: Cloud Storage Command Line Tool (Platform... ═╣

2025-09-05 13:35:23,238 INFO     ___FILE_ONLY___ ╚
2025-09-05 13:35:23,239 INFO     ___FILE_ONLY___ ════════════════════════════════════════════════════════════
2025-09-05 13:35:23,239 INFO     ___FILE_ONLY___ ╝

2025-09-05 13:35:23,243 INFO     ___FILE_ONLY___ ╔════════════════════════════════════════════════════════════╗

2025-09-05 13:35:23,243 INFO     ___FILE_ONLY___ ╠═ Installing: Default set of gcloud commands               ═╣

2025-09-05 13:35:23,243 INFO     ___FILE_ONLY___ ╚
2025-09-05 13:35:23,246 INFO     ___FILE_ONLY___ ════════════════════════════════════════════════════════════
2025-09-05 13:35:23,246 INFO     ___FILE_ONLY___ ╝

2025-09-05 13:35:23,248 INFO     ___FILE_ONLY___ ╔════════════════════════════════════════════════════════════╗

2025-09-05 13:35:23,248 INFO     ___FILE_ONLY___ ╠═ Installing: Google Cloud CLI Core Libraries (Platform... ═╣

2025-09-05 13:35:23,248 INFO     ___FILE_ONLY___ ╚
2025-09-05 13:35:23,249 INFO     ___FILE_ONLY___ ══════════════════════════════
2025-09-05 13:35:23,250 INFO     ___FILE_ONLY___ ══════════════════════════════
2025-09-05 13:35:23,250 INFO     ___FILE_ONLY___ ╝

2025-09-05 13:35:23,254 INFO     ___FILE_ONLY___ ╔════════════════════════════════════════════════════════════╗

2025-09-05 13:35:23,254 INFO     ___FILE_ONLY___ ╠═ Installing: Google Cloud CRC32C Hash Tool                ═╣

2025-09-05 13:35:23,254 INFO     ___FILE_ONLY___ ╚
2025-09-05 13:35:23,256 INFO     ___FILE_ONLY___ ════════════════════════════════════════════════════════════
2025-09-05 13:35:23,256 INFO     ___FILE_ONLY___ ╝

2025-09-05 13:35:23,258 INFO     ___FILE_ONLY___ ╔════════════════════════════════════════════════════════════╗

2025-09-05 13:35:23,258 INFO     ___FILE_ONLY___ ╠═ Installing: Google Cloud CRC32C Hash Tool (Platform S... ═╣

2025-09-05 13:35:23,258 INFO     ___FILE_ONLY___ ╚
2025-09-05 13:35:23,295 INFO     ___FILE_ONLY___ ══════════════════════════════
2025-09-05 13:35:23,295 INFO     ___FILE_ONLY___ ══════════════════════════════
2025-09-05 13:35:23,296 INFO     ___FILE_ONLY___ ╝

2025-09-05 13:35:23,300 INFO     ___FILE_ONLY___ ╔════════════════════════════════════════════════════════════╗

2025-09-05 13:35:23,301 INFO     ___FILE_ONLY___ ╠═ Installing: gcloud cli dependencies (Platform Specific)  ═╣

2025-09-05 13:35:23,301 INFO     ___FILE_ONLY___ ╚
2025-09-05 13:35:23,301 INFO     ___FILE_ONLY___ ════════════════════════════════════════════════════════════
2025-09-05 13:35:23,301 INFO     ___FILE_ONLY___ ╝

2025-09-05 13:35:23,306 DEBUG    root            Updating notification cache...
2025-09-05 13:35:23,306 INFO     ___FILE_ONLY___ 

2025-09-05 13:35:23,308 INFO     ___FILE_ONLY___ Performing post processing steps...
2025-09-05 13:35:23,308 DEBUG    root            Executing command: ['/tools/google-cloud-sdk/bin/gcloud', 'components', 'post-process']
2025-09-05 13:35:31,991 DEBUG    ___FILE_ONLY___ 
2025-09-05 13:35:31,991 DEBUG    ___FILE_ONLY___ 
2025-09-05 13:35:32,104 INFO     root            descriptor_list: [{'universeDomain': 'googleapis.com', 'universeShortName': '', 'authenticationDomain': 'auth.cloud.google.com', 'projectPrefix': '', 'cloudWebDomain': 'cloud.google.com', 'documentationDomain': 'cloud.google.com', 'version': '1.0.0', 'state': 'primary', 'artifactRegistryDomain': 'pkg.dev'}]
2025-09-05 13:35:32,104 INFO     ___FILE_ONLY___ 
Update done!


2025-09-05 13:35:32,107 DEBUG    root            Chosen display Format:none
2025-09-05 13:35:32,107 INFO     root            Display format: "none"
