2025-09-05 13:35:32,845 DEBUG    root            Loaded Command Group: ['gcloud', 'components']
2025-09-05 13:35:32,847 DEBUG    root            Loaded Command Group: ['gcloud', 'components', 'update']
2025-09-05 13:35:32,849 DEBUG    root            Running [gcloud.components.update] with arguments: [--quiet: "True", COMPONENT-IDS:8: "['gcloud', 'core', 'bq', 'gsutil', 'compute', 'preview', 'alpha', 'beta']"]
2025-09-05 13:35:32,850 INFO     ___FILE_ONLY___ Beginning update. This process may take several minutes.

2025-09-05 13:35:32,858 DEBUG    urllib3.connectionpool Starting new HTTPS connection (1): dl.google.com:443
2025-09-05 13:35:33,905 DEBUG    urllib3.connectionpool https://dl.google.com:443 "GET /dl/cloudsdk/channels/rapid/components-2.json HTTP/11" 200 233150
2025-09-05 13:35:33,916 WARNING  root            Component [compute] no longer exists.
2025-09-05 13:35:33,917 INFO     ___FILE_ONLY___ 

2025-09-05 13:35:33,917 INFO     ___FILE_ONLY___ 
Your current Google Cloud CLI version is: 537.0.0

2025-09-05 13:35:33,917 INFO     ___FILE_ONLY___ Installing components from version: 537.0.0

2025-09-05 13:35:33,917 INFO     ___FILE_ONLY___ 

2025-09-05 13:35:33,918 DEBUG    root            Chosen display Format:table[box,title="These components will be removed."](details.display_name:label=Name:align=left,version.version_string:label=Version:align=right,data.size.size(zero="",min=1048576):label=Size:align=right)
2025-09-05 13:35:33,918 DEBUG    root            Chosen display Format:table[box,title="These components will be updated."](details.display_name:label=Name:align=left,version.version_string:label=Version:align=right,data.size.size(zero="",min=1048576):label=Size:align=right)
2025-09-05 13:35:33,919 DEBUG    root            Chosen display Format:table[box,title="These components will be installed."](details.display_name:label=Name:align=left,version.version_string:label=Version:align=right,data.size.size(zero="",min=1048576):label=Size:align=right)
2025-09-05 13:35:33,934 INFO     ___FILE_ONLY___ ┌────────────────────────────────────────────────┐
2025-09-05 13:35:33,934 INFO     ___FILE_ONLY___ 

2025-09-05 13:35:33,934 INFO     ___FILE_ONLY___ │      These components will be installed.       │
2025-09-05 13:35:33,934 INFO     ___FILE_ONLY___ 

2025-09-05 13:35:33,935 INFO     ___FILE_ONLY___ ├─────────────────────────┬────────────┬─────────┤
2025-09-05 13:35:33,935 INFO     ___FILE_ONLY___ 

2025-09-05 13:35:33,935 INFO     ___FILE_ONLY___ │           Name          │  Version   │   Size  │
2025-09-05 13:35:33,935 INFO     ___FILE_ONLY___ 

2025-09-05 13:35:33,935 INFO     ___FILE_ONLY___ ├─────────────────────────┼────────────┼─────────┤
2025-09-05 13:35:33,935 INFO     ___FILE_ONLY___ 

2025-09-05 13:35:33,935 INFO     ___FILE_ONLY___ │ 
2025-09-05 13:35:33,935 INFO     ___FILE_ONLY___ gcloud Alpha Commands  
2025-09-05 13:35:33,935 INFO     ___FILE_ONLY___  
2025-09-05 13:35:33,935 INFO     ___FILE_ONLY___ │ 
2025-09-05 13:35:33,935 INFO     ___FILE_ONLY___ 2025.08.29
2025-09-05 13:35:33,935 INFO     ___FILE_ONLY___  
2025-09-05 13:35:33,935 INFO     ___FILE_ONLY___ │ 
2025-09-05 13:35:33,935 INFO     ___FILE_ONLY___ < 1 MiB
2025-09-05 13:35:33,935 INFO     ___FILE_ONLY___  
2025-09-05 13:35:33,935 INFO     ___FILE_ONLY___ │
2025-09-05 13:35:33,935 INFO     ___FILE_ONLY___ 

2025-09-05 13:35:33,935 INFO     ___FILE_ONLY___ │ 
2025-09-05 13:35:33,935 INFO     ___FILE_ONLY___ gcloud Beta Commands   
2025-09-05 13:35:33,935 INFO     ___FILE_ONLY___  
2025-09-05 13:35:33,936 INFO     ___FILE_ONLY___ │ 
2025-09-05 13:35:33,936 INFO     ___FILE_ONLY___ 2025.08.29
2025-09-05 13:35:33,936 INFO     ___FILE_ONLY___  
2025-09-05 13:35:33,936 INFO     ___FILE_ONLY___ │ 
2025-09-05 13:35:33,936 INFO     ___FILE_ONLY___ < 1 MiB
2025-09-05 13:35:33,936 INFO     ___FILE_ONLY___  
2025-09-05 13:35:33,936 INFO     ___FILE_ONLY___ │
2025-09-05 13:35:33,936 INFO     ___FILE_ONLY___ 

2025-09-05 13:35:33,936 INFO     ___FILE_ONLY___ │ 
2025-09-05 13:35:33,936 INFO     ___FILE_ONLY___ gcloud Preview Commands
2025-09-05 13:35:33,936 INFO     ___FILE_ONLY___  
2025-09-05 13:35:33,936 INFO     ___FILE_ONLY___ │ 
2025-09-05 13:35:33,936 INFO     ___FILE_ONLY___           
2025-09-05 13:35:33,936 INFO     ___FILE_ONLY___  
2025-09-05 13:35:33,936 INFO     ___FILE_ONLY___ │ 
2025-09-05 13:35:33,936 INFO     ___FILE_ONLY___ < 1 MiB
2025-09-05 13:35:33,936 INFO     ___FILE_ONLY___  
2025-09-05 13:35:33,936 INFO     ___FILE_ONLY___ │
2025-09-05 13:35:33,936 INFO     ___FILE_ONLY___ 

2025-09-05 13:35:33,936 INFO     ___FILE_ONLY___ └─────────────────────────┴────────────┴─────────┘
2025-09-05 13:35:33,936 INFO     ___FILE_ONLY___ 

2025-09-05 13:35:33,937 INFO     ___FILE_ONLY___ 

2025-09-05 13:35:33,939 DEBUG    urllib3.connectionpool Starting new HTTPS connection (1): dl.google.com:443
2025-09-05 13:35:35,029 DEBUG    urllib3.connectionpool https://dl.google.com:443 "GET /dl/cloudsdk/channels/rapid/RELEASE_NOTES HTTP/11" 200 1475962
2025-09-05 13:35:35,531 INFO     ___FILE_ONLY___ For the latest full release notes, please visit:
  https://cloud.google.com/sdk/release_notes


2025-09-05 13:35:35,532 INFO     ___FILE_ONLY___ Performing in place update...


2025-09-05 13:35:35,533 INFO     ___FILE_ONLY___ ╔════════════════════════════════════════════════════════════╗

2025-09-05 13:35:35,534 INFO     ___FILE_ONLY___ ╠═ Downloading: gcloud Alpha Commands                       ═╣

2025-09-05 13:35:35,534 INFO     ___FILE_ONLY___ ╚
2025-09-05 13:35:35,536 DEBUG    urllib3.connectionpool Starting new HTTPS connection (1): dl.google.com:443
2025-09-05 13:35:36,595 DEBUG    urllib3.connectionpool https://dl.google.com:443 "GET /dl/cloudsdk/channels/rapid/components/google-cloud-sdk-alpha-20250829143545.tar.gz HTTP/11" 200 800
2025-09-05 13:35:36,596 INFO     ___FILE_ONLY___ ════════════════════════════════════════════════════════════
2025-09-05 13:35:36,596 INFO     ___FILE_ONLY___ ╝

2025-09-05 13:35:36,598 INFO     ___FILE_ONLY___ ╔════════════════════════════════════════════════════════════╗

2025-09-05 13:35:36,598 INFO     ___FILE_ONLY___ ╠═ Downloading: gcloud Beta Commands                        ═╣

2025-09-05 13:35:36,598 INFO     ___FILE_ONLY___ ╚
2025-09-05 13:35:36,600 DEBUG    urllib3.connectionpool Starting new HTTPS connection (1): dl.google.com:443
2025-09-05 13:35:37,687 DEBUG    urllib3.connectionpool https://dl.google.com:443 "GET /dl/cloudsdk/channels/rapid/components/google-cloud-sdk-beta-20250829143545.tar.gz HTTP/11" 200 797
2025-09-05 13:35:37,688 INFO     ___FILE_ONLY___ ════════════════════════════════════════════════════════════
2025-09-05 13:35:37,688 INFO     ___FILE_ONLY___ ╝

2025-09-05 13:35:37,690 INFO     ___FILE_ONLY___ ╔════════════════════════════════════════════════════════════╗

2025-09-05 13:35:37,690 INFO     ___FILE_ONLY___ ╠═ Downloading: gcloud Preview Commands                     ═╣

2025-09-05 13:35:37,690 INFO     ___FILE_ONLY___ ╚
2025-09-05 13:35:37,693 DEBUG    urllib3.connectionpool Starting new HTTPS connection (1): dl.google.com:443
2025-09-05 13:35:39,010 DEBUG    urllib3.connectionpool https://dl.google.com:443 "GET /dl/cloudsdk/channels/rapid/components/google-cloud-sdk-preview-20241115154308.tar.gz HTTP/11" 200 823
2025-09-05 13:35:39,011 INFO     ___FILE_ONLY___ ════════════════════════════════════════════════════════════
2025-09-05 13:35:39,011 INFO     ___FILE_ONLY___ ╝

2025-09-05 13:35:39,013 INFO     ___FILE_ONLY___ ╔════════════════════════════════════════════════════════════╗

2025-09-05 13:35:39,013 INFO     ___FILE_ONLY___ ╠═ Installing: gcloud Alpha Commands                        ═╣

2025-09-05 13:35:39,013 INFO     ___FILE_ONLY___ ╚
2025-09-05 13:35:39,014 INFO     ___FILE_ONLY___ ════════════════════════════════════════════════════════════
2025-09-05 13:35:39,014 INFO     ___FILE_ONLY___ ╝

2025-09-05 13:35:39,019 INFO     ___FILE_ONLY___ ╔════════════════════════════════════════════════════════════╗

2025-09-05 13:35:39,019 INFO     ___FILE_ONLY___ ╠═ Installing: gcloud Beta Commands                         ═╣

2025-09-05 13:35:39,019 INFO     ___FILE_ONLY___ ╚
2025-09-05 13:35:39,020 INFO     ___FILE_ONLY___ ════════════════════════════════════════════════════════════
2025-09-05 13:35:39,020 INFO     ___FILE_ONLY___ ╝

2025-09-05 13:35:39,024 INFO     ___FILE_ONLY___ ╔════════════════════════════════════════════════════════════╗

2025-09-05 13:35:39,024 INFO     ___FILE_ONLY___ ╠═ Installing: gcloud Preview Commands                      ═╣

2025-09-05 13:35:39,024 INFO     ___FILE_ONLY___ ╚
2025-09-05 13:35:39,025 INFO     ___FILE_ONLY___ ════════════════════════════════════════════════════════════
2025-09-05 13:35:39,025 INFO     ___FILE_ONLY___ ╝

2025-09-05 13:35:39,029 DEBUG    root            Updating notification cache...
2025-09-05 13:35:39,030 INFO     ___FILE_ONLY___ 

2025-09-05 13:35:39,031 INFO     ___FILE_ONLY___ Performing post processing steps...
2025-09-05 13:35:39,032 DEBUG    root            Executing command: ['/tools/google-cloud-sdk/bin/gcloud', 'components', 'post-process']
2025-09-05 13:35:47,542 DEBUG    ___FILE_ONLY___ 
2025-09-05 13:35:47,542 DEBUG    ___FILE_ONLY___ 
2025-09-05 13:35:47,799 INFO     root            descriptor_list: [{'universeDomain': 'googleapis.com', 'universeShortName': '', 'authenticationDomain': 'auth.cloud.google.com', 'projectPrefix': '', 'cloudWebDomain': 'cloud.google.com', 'documentationDomain': 'cloud.google.com', 'version': '1.0.0', 'state': 'primary', 'artifactRegistryDomain': 'pkg.dev'}]
2025-09-05 13:35:47,800 INFO     ___FILE_ONLY___ 
Update done!


2025-09-05 13:35:47,802 DEBUG    root            Chosen display Format:none
2025-09-05 13:35:47,802 INFO     root            Display format: "none"
